<?xml version='1.0' encoding='UTF-8'?>
<testsuite hostname="DESKTOP-HUADT53" name="simpletest.HelloTests" tests="2" errors="0" failures="0" skipped="0" time="0.018" timestamp="2020-06-07T17:33:13">
                     <properties>
[...]
</properties>
                     <testcase classname="simpletest.HelloTests" name="the name is set correctly in constructor" time="0.018">
                                                 
                                               </testcase><testcase classname="simpletest.HelloTests" name="a Person's name can be changed" time="0.0">
                                                 
                                               </testcase>
                     <system-out><![CDATA[]]></system-out>
                     <system-err><![CDATA[]]></system-err>
                   </testsuite>